<?xml version="1.0" encoding="utf-8"?><testsuites><testsuite name="pytest" errors="0" failures="0" skipped="0" tests="6" time="0.235" timestamp="2022-05-23T16:11:14.393532" hostname="Tuyens-MacBook-Pro.local"><testcase classname="dgs_test_script_files.pytest.test_pytest_sample1.TestClass" name="test_001_precondition" time="0.001" /><testcase classname="dgs_test_script_files.pytest.test_pytest_sample1.TestClass" name="test_002_scenario1" time="0.000" /><testcase classname="dgs_test_script_files.pytest.test_pytest_sample2.TestClass" name="test_001_precondition" time="0.001" /><testcase classname="dgs_test_script_files.pytest.test_pytest_sample2.TestClass" name="test_002_scenario1" time="0.000" /><testcase classname="dgs_test_script_files.pytest.test_pytest_sample3.TestClass" name="test_001_precondition" time="0.000" /><testcase classname="dgs_test_script_files.pytest.test_pytest_sample3.TestClass" name="test_002_scenario1" time="0.000" /></testsuite></testsuites>