<?xml version="1.0" encoding="UTF-8"?>
<testsuites>
	<testsuite name="test_unittest_sample1.TestSample1-20220523154147" tests="2" file="test_unittest_sample1.py" time="0.004" timestamp="2022-05-23T15:41:47" failures="0" errors="0" skipped="0">
		<testcase classname="test_unittest_sample1.TestSample1" name="test_001_precondition" time="0.004" timestamp="2022-05-23T15:41:47" file="dgs_test_script_files/unittest/test_unittest_sample1.py" line="45">
			<!--precondition-->
		</testcase>
		<testcase classname="test_unittest_sample1.TestSample1" name="test_002_case_a" time="0.000" timestamp="2022-05-23T15:41:47" file="dgs_test_script_files/unittest/test_unittest_sample1.py" line="49">
			<!--case a-->
		</testcase>
	</testsuite>
	<testsuite name="test_unittest_sample2.TestSample2-20220523154147" tests="2" file="test_unittest_sample2.py" time="0.001" timestamp="2022-05-23T15:41:47" failures="0" errors="0" skipped="0">
		<testcase classname="test_unittest_sample2.TestSample2" name="test_001_precondition" time="0.001" timestamp="2022-05-23T15:41:47" file="dgs_test_script_files/unittest/test_unittest_sample2.py" line="45">
			<!--precondition-->
		</testcase>
		<testcase classname="test_unittest_sample2.TestSample2" name="test_002_case_a" time="0.000" timestamp="2022-05-23T15:41:47" file="dgs_test_script_files/unittest/test_unittest_sample2.py" line="49">
			<!--case a-->
		</testcase>
	</testsuite>
	<testsuite name="test_unittest_sample3.TestSample3-20220523154147" tests="2" file="test_unittest_sample3.py" time="0.001" timestamp="2022-05-23T15:41:47" failures="0" errors="0" skipped="0">
		<testcase classname="test_unittest_sample3.TestSample3" name="test_001_precondition" time="0.000" timestamp="2022-05-23T15:41:47" file="dgs_test_script_files/unittest/test_unittest_sample3.py" line="45">
			<!--precondition-->
		</testcase>
		<testcase classname="test_unittest_sample3.TestSample3" name="test_002_case_a" time="0.000" timestamp="2022-05-23T15:41:47" file="dgs_test_script_files/unittest/test_unittest_sample3.py" line="49">
			<!--case a-->
		</testcase>
	</testsuite>
</testsuites>
